0 verbose cli [ '/usr/bin/node', '/usr/bin/npm', 'i', 'mysql' ]
1 info using npm@8.5.1
2 info using node@v17.6.0
3 timing npm:load:whichnode Completed in 1ms
4 timing config:load:defaults Completed in 3ms
5 timing config:load:file:/usr/lib/node_modules/npm/npmrc Completed in 1ms
6 timing config:load:builtin Completed in 2ms
7 timing config:load:cli Completed in 2ms
8 timing config:load:env Completed in 1ms
9 timing config:load:project Completed in 13ms
10 timing config:load:file:/root/.npmrc Completed in 1ms
11 timing config:load:user Completed in 1ms
12 timing config:load:file:/usr/etc/npmrc Completed in 0ms
13 timing config:load:global Completed in 1ms
14 timing config:load:validate Completed in 0ms
15 timing config:load:credentials Completed in 2ms
16 timing config:load:setEnvs Completed in 1ms
17 timing config:load Completed in 26ms
18 timing npm:load:configload Completed in 26ms
19 timing npm:load:setTitle Completed in 1ms
20 timing config:load:flatten Completed in 5ms
21 timing npm:load:display Completed in 8ms
22 verbose logfile /root/.npm/_logs/2022-05-11T20_41_08_288Z-debug-0.log
23 timing npm:load:logFile Completed in 8ms
24 timing npm:load:timers Completed in 0ms
25 timing npm:load:configScope Completed in 0ms
26 timing npm:load Completed in 44ms
27 timing arborist:ctor Completed in 1ms
28 timing idealTree:init Completed in 124ms
29 timing idealTree:userRequests Completed in 3ms
30 silly idealTree buildDeps
31 silly fetch manifest mysql@*
32 timing arborist:ctor Completed in 0ms
33 http fetch GET 200 https://registry.npmjs.org/mysql 1164ms (cache miss)
34 silly placeDep ROOT mysql@2.18.1 OK for: root@1.0.0 want: *
35 silly fetch manifest bignumber.js@9.0.0
36 silly fetch manifest readable-stream@2.3.7
37 silly fetch manifest safe-buffer@5.1.2
38 silly fetch manifest sqlstring@2.3.1
39 http fetch GET 200 https://registry.npmjs.org/safe-buffer 109ms (cache miss)
40 http fetch GET 200 https://registry.npmjs.org/readable-stream 111ms (cache miss)
41 http fetch GET 200 https://registry.npmjs.org/sqlstring 120ms (cache miss)
42 http fetch GET 200 https://registry.npmjs.org/bignumber.js 769ms (cache miss)
43 timing idealTree:#root Completed in 1947ms
44 silly placeDep ROOT bignumber.js@9.0.0 OK for: mysql@2.18.1 want: 9.0.0
45 silly placeDep ROOT readable-stream@2.3.7 OK for: mysql@2.18.1 want: 2.3.7
46 silly placeDep node_modules/mysql safe-buffer@5.1.2 OK for: mysql@2.18.1 want: 5.1.2
47 silly placeDep ROOT sqlstring@2.3.1 OK for: mysql@2.18.1 want: 2.3.1
48 silly fetch manifest core-util-is@~1.0.0
49 silly fetch manifest isarray@~1.0.0
50 silly fetch manifest process-nextick-args@~2.0.0
51 silly fetch manifest safe-buffer@~5.1.1
52 silly fetch manifest string_decoder@~1.1.1
53 silly fetch manifest util-deprecate@~1.0.1
54 http fetch GET 200 https://registry.npmjs.org/process-nextick-args 102ms (cache miss)
55 http fetch GET 200 https://registry.npmjs.org/string_decoder 102ms (cache miss)
56 http fetch GET 200 https://registry.npmjs.org/util-deprecate 143ms (cache miss)
57 http fetch GET 200 https://registry.npmjs.org/isarray 842ms (cache miss)
58 http fetch GET 200 https://registry.npmjs.org/core-util-is 850ms (cache miss)
59 timing idealTree:node_modules/mysql Completed in 864ms
60 timing idealTree:node_modules/bignumber.js Completed in 0ms
61 silly placeDep ROOT core-util-is@1.0.3 OK for: readable-stream@2.3.7 want: ~1.0.0
62 silly placeDep ROOT isarray@1.0.0 OK for: readable-stream@2.3.7 want: ~1.0.0
63 silly placeDep ROOT process-nextick-args@2.0.1 OK for: readable-stream@2.3.7 want: ~2.0.0
64 silly placeDep node_modules/readable-stream safe-buffer@5.1.2 OK for: readable-stream@2.3.7 want: ~5.1.1
65 silly placeDep ROOT string_decoder@1.1.1 OK for: readable-stream@2.3.7 want: ~1.1.1
66 silly placeDep ROOT util-deprecate@1.0.2 OK for: readable-stream@2.3.7 want: ~1.0.1
67 silly fetch manifest safe-buffer@~5.1.0
68 timing idealTree:node_modules/readable-stream Completed in 12ms
69 timing idealTree:node_modules/core-util-is Completed in 0ms
70 timing idealTree:node_modules/isarray Completed in 0ms
71 timing idealTree:node_modules/process-nextick-args Completed in 1ms
72 timing idealTree:node_modules/sqlstring Completed in 0ms
73 silly placeDep node_modules/string_decoder safe-buffer@5.1.2 OK for: string_decoder@1.1.1 want: ~5.1.0
74 timing idealTree:node_modules/string_decoder Completed in 2ms
75 timing idealTree:node_modules/util-deprecate Completed in 0ms
76 timing idealTree:node_modules/mysql/node_modules/safe-buffer Completed in 0ms
77 timing idealTree:node_modules/readable-stream/node_modules/safe-buffer Completed in 0ms
78 timing idealTree:node_modules/string_decoder/node_modules/safe-buffer Completed in 0ms
79 timing idealTree:buildDeps Completed in 2829ms
80 timing idealTree:fixDepFlags Completed in 2ms
81 timing idealTree Completed in 2965ms
82 timing reify:loadTrees Completed in 2966ms
83 timing reify:diffTrees Completed in 7ms
84 silly reify moves {}
85 timing reify:retireShallow Completed in 0ms
86 timing reify:createSparse Completed in 5ms
87 timing reify:loadBundles Completed in 0ms
88 silly audit bulk request {
88 silly audit   '@sindresorhus/is': [ '0.14.0' ],
88 silly audit   '@szmarczak/http-timer': [ '1.1.2' ],
88 silly audit   abbrev: [ '1.1.1' ],
88 silly audit   accepts: [ '1.3.8' ],
88 silly audit   'ansi-align': [ '3.0.1' ],
88 silly audit   'ansi-regex': [ '5.0.1' ],
88 silly audit   'ansi-styles': [ '4.3.0' ],
88 silly audit   anymatch: [ '3.1.2' ],
88 silly audit   'array-flatten': [ '1.1.1' ],
88 silly audit   'balanced-match': [ '1.0.2' ],
88 silly audit   'binary-extensions': [ '2.2.0' ],
88 silly audit   'body-parser': [ '1.19.2' ],
88 silly audit   boxen: [ '5.1.2' ],
88 silly audit   'brace-expansion': [ '1.1.11' ],
88 silly audit   braces: [ '3.0.2' ],
88 silly audit   bytes: [ '3.1.2' ],
88 silly audit   'cacheable-request': [ '6.1.0' ],
88 silly audit   'get-stream': [ '5.2.0', '4.1.0' ],
88 silly audit   'lowercase-keys': [ '2.0.0', '1.0.1' ],
88 silly audit   camelcase: [ '6.3.0' ],
88 silly audit   chalk: [ '4.1.2' ],
88 silly audit   'has-flag': [ '4.0.0', '3.0.0' ],
88 silly audit   'supports-color': [ '7.2.0', '5.5.0' ],
88 silly audit   chokidar: [ '3.5.3' ],
88 silly audit   'ci-info': [ '2.0.0' ],
88 silly audit   'cli-boxes': [ '2.2.1' ],
88 silly audit   'clone-response': [ '1.0.2' ],
88 silly audit   'color-convert': [ '2.0.1' ],
88 silly audit   'color-name': [ '1.1.4' ],
88 silly audit   'concat-map': [ '0.0.1' ],
88 silly audit   configstore: [ '5.0.1' ],
88 silly audit   'content-disposition': [ '0.5.4' ],
88 silly audit   'content-type': [ '1.0.4' ],
88 silly audit   cookie: [ '0.4.2' ],
88 silly audit   'cookie-signature': [ '1.0.6' ],
88 silly audit   'crypto-random-string': [ '2.0.0' ],
88 silly audit   debug: [ '2.6.9', '3.2.7' ],
88 silly audit   'decompress-response': [ '3.3.0' ],
88 silly audit   'deep-extend': [ '0.6.0' ],
88 silly audit   'defer-to-connect': [ '1.1.3' ],
88 silly audit   depd: [ '1.1.2' ],
88 silly audit   destroy: [ '1.0.4' ],
88 silly audit   'dot-prop': [ '5.3.0' ],
88 silly audit   duplexer3: [ '0.1.4' ],
88 silly audit   'ee-first': [ '1.1.1' ],
88 silly audit   'emoji-regex': [ '8.0.0' ],
88 silly audit   encodeurl: [ '1.0.2' ],
88 silly audit   'end-of-stream': [ '1.4.4' ],
88 silly audit   'escape-goat': [ '2.1.1' ],
88 silly audit   'escape-html': [ '1.0.3' ],
88 silly audit   etag: [ '1.8.1' ],
88 silly audit   express: [ '4.17.3' ],
88 silly audit   'fill-range': [ '7.0.1' ],
88 silly audit   finalhandler: [ '1.1.2' ],
88 silly audit   forwarded: [ '0.2.0' ],
88 silly audit   fresh: [ '0.5.2' ],
88 silly audit   'glob-parent': [ '5.1.2' ],
88 silly audit   'global-dirs': [ '3.0.0' ],
88 silly audit   got: [ '9.6.0' ],
88 silly audit   'graceful-fs': [ '4.2.9' ],
88 silly audit   'has-yarn': [ '2.1.0' ],
88 silly audit   'http-cache-semantics': [ '4.1.0' ],
88 silly audit   'http-errors': [ '1.8.1' ],
88 silly audit   'iconv-lite': [ '0.4.24' ],
88 silly audit   'ignore-by-default': [ '1.0.1' ],
88 silly audit   'import-lazy': [ '2.1.0' ],
88 silly audit   imurmurhash: [ '0.1.4' ],
88 silly audit   inherits: [ '2.0.4' ],
88 silly audit   ini: [ '2.0.0', '1.3.8' ],
88 silly audit   'ipaddr.js': [ '1.9.1' ],
88 silly audit   'is-binary-path': [ '2.1.0' ],
88 silly audit   'is-ci': [ '2.0.0' ],
88 silly audit   'is-extglob': [ '2.1.1' ],
88 silly audit   'is-fullwidth-code-point': [ '3.0.0' ],
88 silly audit   'is-glob': [ '4.0.3' ],
88 silly audit   'is-installed-globally': [ '0.4.0' ],
88 silly audit   'is-npm': [ '5.0.0' ],
88 silly audit   'is-number': [ '7.0.0' ],
88 silly audit   'is-obj': [ '2.0.0' ],
88 silly audit   'is-path-inside': [ '3.0.3' ],
88 silly audit   'is-typedarray': [ '1.0.0' ],
88 silly audit   'is-yarn-global': [ '0.3.0' ],
88 silly audit   'json-buffer': [ '3.0.0' ],
88 silly audit   keyv: [ '3.1.0' ],
88 silly audit   'latest-version': [ '5.1.0' ],
88 silly audit   'lru-cache': [ '6.0.0' ],
88 silly audit   'make-dir': [ '3.1.0' ],
88 silly audit   semver: [ '6.3.0', '5.7.1', '7.3.5' ],
88 silly audit   'media-typer': [ '0.3.0' ],
88 silly audit   'merge-descriptors': [ '1.0.1' ],
88 silly audit   methods: [ '1.1.2' ],
88 silly audit   mime: [ '1.6.0' ],
88 silly audit   'mime-db': [ '1.51.0' ],
88 silly audit   'mime-types': [ '2.1.34' ],
88 silly audit   'mimic-response': [ '1.0.1' ],
88 silly audit   minimatch: [ '3.1.2' ],
88 silly audit   minimist: [ '1.2.5' ],
88 silly audit   ms: [ '2.0.0', '2.1.3' ],
88 silly audit   negotiator: [ '0.6.3' ],
88 silly audit   nodemon: [ '2.0.15' ],
88 silly audit   nopt: [ '1.0.10' ],
88 silly audit   'normalize-path': [ '3.0.0' ],
88 silly audit   'normalize-url': [ '4.5.1' ],
88 silly audit   'on-finished': [ '2.3.0' ],
88 silly audit   once: [ '1.4.0' ],
88 silly audit   'p-cancelable': [ '1.1.0' ],
88 silly audit   'package-json': [ '6.5.0' ],
88 silly audit   parseurl: [ '1.3.3' ],
88 silly audit   'path-to-regexp': [ '0.1.7' ],
88 silly audit   picomatch: [ '2.3.1' ],
88 silly audit   'prepend-http': [ '2.0.0' ],
88 silly audit   'proxy-addr': [ '2.0.7' ],
88 silly audit   'pstree.remy': [ '1.1.8' ],
88 silly audit   pump: [ '3.0.0' ],
88 silly audit   pupa: [ '2.1.1' ],
88 silly audit   qs: [ '6.9.7' ],
88 silly audit   'range-parser': [ '1.2.1' ],
88 silly audit   'raw-body': [ '2.4.3' ],
88 silly audit   rc: [ '1.2.8' ],
88 silly audit   readdirp: [ '3.6.0' ],
88 silly audit   'registry-auth-token': [ '4.2.1' ],
88 silly audit   'registry-url': [ '5.1.0' ],
88 silly audit   responselike: [ '1.0.2' ],
88 silly audit   'safe-buffer': [ '5.2.1', '5.1.2' ],
88 silly audit   'safer-buffer': [ '2.1.2' ],
88 silly audit   'semver-diff': [ '3.1.1' ],
88 silly audit   send: [ '0.17.2' ],
88 silly audit   'serve-static': [ '1.14.2' ],
88 silly audit   setprototypeof: [ '1.2.0' ],
88 silly audit   'signal-exit': [ '3.0.7' ],
88 silly audit   statuses: [ '1.5.0' ],
88 silly audit   'string-width': [ '4.2.3' ],
88 silly audit   'strip-ansi': [ '6.0.1' ],
88 silly audit   'strip-json-comments': [ '2.0.1' ],
88 silly audit   'to-readable-stream': [ '1.0.0' ],
88 silly audit   'to-regex-range': [ '5.0.1' ],
88 silly audit   toidentifier: [ '1.0.1' ],
88 silly audit   touch: [ '3.1.0' ],
88 silly audit   'type-fest': [ '0.20.2' ],
88 silly audit   'type-is': [ '1.6.18' ],
88 silly audit   'typedarray-to-buffer': [ '3.1.5' ],
88 silly audit   undefsafe: [ '2.0.5' ],
88 silly audit   'unique-string': [ '2.0.0' ],
88 silly audit   unpipe: [ '1.0.0' ],
88 silly audit   'update-notifier': [ '5.1.0' ],
88 silly audit   'url-parse-lax': [ '3.0.0' ],
88 silly audit   'utils-merge': [ '1.0.1' ],
88 silly audit   uuid: [ '8.3.2' ],
88 silly audit   vary: [ '1.1.2' ],
88 silly audit   'widest-line': [ '3.1.0' ],
88 silly audit   'wrap-ansi': [ '7.0.0' ],
88 silly audit   wrappy: [ '1.0.2' ],
88 silly audit   'write-file-atomic': [ '3.0.3' ],
88 silly audit   'xdg-basedir': [ '4.0.0' ],
88 silly audit   yallist: [ '4.0.0' ],
88 silly audit   mysql: [ '2.18.1' ],
88 silly audit   'bignumber.js': [ '9.0.0' ],
88 silly audit   'readable-stream': [ '2.3.7' ],
88 silly audit   sqlstring: [ '2.3.1' ],
88 silly audit   'core-util-is': [ '1.0.3' ],
88 silly audit   isarray: [ '1.0.0' ],
88 silly audit   'process-nextick-args': [ '2.0.1' ],
88 silly audit   string_decoder: [ '1.1.1' ],
88 silly audit   'util-deprecate': [ '1.0.2' ]
88 silly audit }
89 silly tarball no local data for util-deprecate@https://registry.npmjs.org/util-deprecate/-/util-deprecate-1.0.2.tgz. Extracting by manifest.
90 silly tarball no local data for string_decoder@https://registry.npmjs.org/string_decoder/-/string_decoder-1.1.1.tgz. Extracting by manifest.
91 silly tarball no local data for process-nextick-args@https://registry.npmjs.org/process-nextick-args/-/process-nextick-args-2.0.1.tgz. Extracting by manifest.
92 silly tarball no local data for isarray@https://registry.npmjs.org/isarray/-/isarray-1.0.0.tgz. Extracting by manifest.
93 silly tarball no local data for core-util-is@https://registry.npmjs.org/core-util-is/-/core-util-is-1.0.3.tgz. Extracting by manifest.
94 silly tarball no local data for sqlstring@https://registry.npmjs.org/sqlstring/-/sqlstring-2.3.1.tgz. Extracting by manifest.
95 silly tarball no local data for readable-stream@https://registry.npmjs.org/readable-stream/-/readable-stream-2.3.7.tgz. Extracting by manifest.
96 silly tarball no local data for bignumber.js@https://registry.npmjs.org/bignumber.js/-/bignumber.js-9.0.0.tgz. Extracting by manifest.
97 silly tarball no local data for mysql@https://registry.npmjs.org/mysql/-/mysql-2.18.1.tgz. Extracting by manifest.
98 silly tarball no local data for safe-buffer@https://registry.npmjs.org/safe-buffer/-/safe-buffer-5.1.2.tgz. Extracting by manifest.
99 silly tarball no local data for safe-buffer@https://registry.npmjs.org/safe-buffer/-/safe-buffer-5.1.2.tgz. Extracting by manifest.
100 silly tarball no local data for safe-buffer@https://registry.npmjs.org/safe-buffer/-/safe-buffer-5.1.2.tgz. Extracting by manifest.
101 http fetch GET 200 https://registry.npmjs.org/process-nextick-args/-/process-nextick-args-2.0.1.tgz 202ms (cache miss)
102 timing reifyNode:node_modules/process-nextick-args Completed in 235ms
103 http fetch GET 200 https://registry.npmjs.org/string_decoder/-/string_decoder-1.1.1.tgz 217ms (cache miss)
104 timing reifyNode:node_modules/string_decoder Completed in 245ms
105 http fetch GET 200 https://registry.npmjs.org/util-deprecate/-/util-deprecate-1.0.2.tgz 232ms (cache miss)
106 timing reifyNode:node_modules/util-deprecate Completed in 251ms
107 http fetch GET 200 https://registry.npmjs.org/isarray/-/isarray-1.0.0.tgz 217ms (cache miss)
108 timing reifyNode:node_modules/isarray Completed in 256ms
109 http fetch POST 200 https://registry.npmjs.org/-/npm/v1/security/advisories/bulk 281ms
110 timing auditReport:getReport Completed in 287ms
111 silly audit report {
111 silly audit report   minimist: [
111 silly audit report     {
111 silly audit report       id: 1067342,
111 silly audit report       url: 'https://github.com/advisories/GHSA-xvch-5gv4-984h',
111 silly audit report       title: 'Prototype Pollution in minimist',
111 silly audit report       severity: 'critical',
111 silly audit report       vulnerable_versions: '<1.2.6',
111 silly audit report       cwe: [Array],
111 silly audit report       cvss: [Object]
111 silly audit report     }
111 silly audit report   ]
111 silly audit report }
112 timing metavuln:cache:get:security-advisory:minimist:nZkhUdPEpKwzIx1nekYW4B7BHQyF2nm6J0JsgeP2HfA0DRMT5hhByRU71A4RPgtBbQPYEzVBozv8/mBZCafaGw== Completed in 56ms
113 http fetch GET 200 https://registry.npmjs.org/minimist 81ms (cache hit)
114 timing metavuln:packument:minimist Completed in 83ms
115 timing metavuln:load:security-advisory:minimist:1067342 Completed in 1ms
116 timing metavuln:calculate:security-advisory:minimist:1067342 Completed in 85ms
117 timing metavuln:cache:get:security-advisory:rc:X9hqvqcaTV2mjaYJ7NE0U+MyQuvKMs63I+NEKfZvIkiJ9XLe5gNrG1/85pKxkv/MSh0kVYUeTxYBH/JvGLaxqQ== Completed in 69ms
118 http fetch GET 200 https://registry.npmjs.org/core-util-is/-/core-util-is-1.0.3.tgz 415ms (cache miss)
119 timing reifyNode:node_modules/core-util-is Completed in 457ms
120 http fetch GET 200 https://registry.npmjs.org/sqlstring/-/sqlstring-2.3.1.tgz 412ms (cache miss)
121 timing reifyNode:node_modules/sqlstring Completed in 467ms
122 http fetch GET 200 https://registry.npmjs.org/safe-buffer/-/safe-buffer-5.1.2.tgz 399ms (cache miss)
123 timing reifyNode:node_modules/readable-stream/node_modules/safe-buffer Completed in 483ms
124 http fetch GET 200 https://registry.npmjs.org/safe-buffer/-/safe-buffer-5.1.2.tgz 413ms (cache miss)
125 timing reifyNode:node_modules/string_decoder/node_modules/safe-buffer Completed in 491ms
126 http fetch GET 200 https://registry.npmjs.org/safe-buffer/-/safe-buffer-5.1.2.tgz 404ms (cache miss)
127 timing reifyNode:node_modules/mysql/node_modules/safe-buffer Completed in 496ms
128 http fetch GET 200 https://registry.npmjs.org/rc 140ms (cache hit)
129 timing metavuln:packument:rc Completed in 142ms
130 timing metavuln:load:security-advisory:rc:nZkhUdPEpKwzIx1nekYW4B7BHQyF2nm6J0JsgeP2HfA0DRMT5hhByRU71A4RPgtBbQPYEzVBozv8/mBZCafaGw== Completed in 1ms
131 timing metavuln:calculate:security-advisory:rc:nZkhUdPEpKwzIx1nekYW4B7BHQyF2nm6J0JsgeP2HfA0DRMT5hhByRU71A4RPgtBbQPYEzVBozv8/mBZCafaGw== Completed in 144ms
132 timing auditReport:init Completed in 230ms
133 timing reify:audit Completed in 520ms
134 http fetch GET 200 https://registry.npmjs.org/bignumber.js/-/bignumber.js-9.0.0.tgz 482ms (cache miss)
135 timing reifyNode:node_modules/bignumber.js Completed in 546ms
136 http fetch GET 200 https://registry.npmjs.org/readable-stream/-/readable-stream-2.3.7.tgz 528ms (cache miss)
137 timing reifyNode:node_modules/readable-stream Completed in 586ms
138 http fetch GET 200 https://registry.npmjs.org/mysql/-/mysql-2.18.1.tgz 522ms (cache miss)
139 timing reifyNode:node_modules/mysql Completed in 591ms
140 timing reify:unpack Completed in 593ms
141 timing reify:unretire Completed in 0ms
142 timing build:queue Completed in 1ms
143 timing build:deps Completed in 2ms
144 timing build Completed in 2ms
145 timing reify:build Completed in 3ms
146 timing reify:trash Completed in 0ms
147 timing reify:save Completed in 64ms
148 timing reify Completed in 3693ms
149 silly ADD node_modules/util-deprecate
150 silly ADD node_modules/string_decoder
151 silly ADD node_modules/string_decoder/node_modules/safe-buffer
152 silly ADD node_modules/process-nextick-args
153 silly ADD node_modules/isarray
154 silly ADD node_modules/core-util-is
155 silly ADD node_modules/sqlstring
156 silly ADD node_modules/readable-stream
157 silly ADD node_modules/readable-stream/node_modules/safe-buffer
158 silly ADD node_modules/bignumber.js
159 silly ADD node_modules/mysql
160 silly ADD node_modules/mysql/node_modules/safe-buffer
161 timing command:i Completed in 3706ms
162 verbose exit 0
163 timing npm Completed in 4057ms
164 info ok
