0 verbose cli [ '/usr/bin/node', '/usr/bin/npm', 'i', 'uuid' ]
1 info using npm@8.5.1
2 info using node@v17.6.0
3 timing npm:load:whichnode Completed in 1ms
4 timing config:load:defaults Completed in 3ms
5 timing config:load:file:/usr/lib/node_modules/npm/npmrc Completed in 2ms
6 timing config:load:builtin Completed in 2ms
7 timing config:load:cli Completed in 4ms
8 timing config:load:env Completed in 1ms
9 timing config:load:project Completed in 8ms
10 timing config:load:file:/root/.npmrc Completed in 0ms
11 timing config:load:user Completed in 0ms
12 timing config:load:file:/usr/etc/npmrc Completed in 0ms
13 timing config:load:global Completed in 1ms
14 timing config:load:validate Completed in 0ms
15 timing config:load:credentials Completed in 2ms
16 timing config:load:setEnvs Completed in 1ms
17 timing config:load Completed in 24ms
18 timing npm:load:configload Completed in 24ms
19 timing npm:load:setTitle Completed in 0ms
20 timing config:load:flatten Completed in 5ms
21 timing npm:load:display Completed in 8ms
22 verbose logfile /root/.npm/_logs/2022-05-11T20_40_23_042Z-debug-0.log
23 timing npm:load:logFile Completed in 8ms
24 timing npm:load:timers Completed in 0ms
25 timing npm:load:configScope Completed in 0ms
26 timing npm:load Completed in 43ms
27 timing arborist:ctor Completed in 1ms
28 timing arborist:ctor Completed in 0ms
29 timing idealTree:init Completed in 1073ms
30 timing idealTree:userRequests Completed in 2ms
31 silly idealTree buildDeps
32 silly fetch manifest uuid@*
33 http fetch GET 200 https://registry.npmjs.org/uuid 251ms (cache miss)
34 silly placeDep ROOT uuid@8.3.2 OK for: root@1.0.0 want: *
35 timing idealTree:#root Completed in 263ms
36 timing idealTree:node_modules/uuid Completed in 0ms
37 timing idealTree:buildDeps Completed in 265ms
38 timing idealTree:fixDepFlags Completed in 4ms
39 timing idealTree Completed in 1352ms
40 timing reify:loadTrees Completed in 1353ms
41 timing reify:diffTrees Completed in 7ms
42 silly reify mark retired [ '/root/node_modules/bignumber.js' ]
43 silly reify mark retired [ '/root/node_modules/core-util-is' ]
44 silly reify mark retired [ '/root/node_modules/mysql' ]
45 silly reify mark retired [ '/root/node_modules/isarray' ]
46 silly reify mark retired [ '/root/node_modules/process-nextick-args' ]
47 silly reify mark retired [ '/root/node_modules/string_decoder' ]
48 silly reify mark retired [ '/root/node_modules/util-deprecate' ]
49 silly reify mark retired [ '/root/node_modules/sqlstring' ]
50 silly reify mark retired [ '/root/node_modules/readable-stream' ]
51 silly reify moves {
51 silly reify   '/root/node_modules/bignumber.js': '/root/node_modules/.bignumber.js-0wagVqJV',
51 silly reify   '/root/node_modules/core-util-is': '/root/node_modules/.core-util-is-XblN8m0t',
51 silly reify   '/root/node_modules/mysql': '/root/node_modules/.mysql-nYiaH0Vy',
51 silly reify   '/root/node_modules/isarray': '/root/node_modules/.isarray-0EfWKrnM',
51 silly reify   '/root/node_modules/process-nextick-args': '/root/node_modules/.process-nextick-args-XqZfhmUo',
51 silly reify   '/root/node_modules/string_decoder': '/root/node_modules/.string_decoder-S3DMtPEq',
51 silly reify   '/root/node_modules/util-deprecate': '/root/node_modules/.util-deprecate-BWmGPRP6',
51 silly reify   '/root/node_modules/sqlstring': '/root/node_modules/.sqlstring-JQzh1LS6',
51 silly reify   '/root/node_modules/readable-stream': '/root/node_modules/.readable-stream-JCuVmXUZ'
51 silly reify }
52 timing reify:retireShallow Completed in 45ms
53 timing reify:createSparse Completed in 2ms
54 timing reify:loadBundles Completed in 0ms
55 silly audit bulk request {
55 silly audit   abbrev: [ '1.1.1' ],
55 silly audit   accepts: [ '1.3.8' ],
55 silly audit   'ansi-align': [ '3.0.1' ],
55 silly audit   'ansi-regex': [ '5.0.1' ],
55 silly audit   'ansi-styles': [ '4.3.0' ],
55 silly audit   anymatch: [ '3.1.2' ],
55 silly audit   'array-flatten': [ '1.1.1' ],
55 silly audit   'balanced-match': [ '1.0.2' ],
55 silly audit   'binary-extensions': [ '2.2.0' ],
55 silly audit   'body-parser': [ '1.19.2' ],
55 silly audit   boxen: [ '5.1.2' ],
55 silly audit   'brace-expansion': [ '1.1.11' ],
55 silly audit   braces: [ '3.0.2' ],
55 silly audit   bytes: [ '3.1.2' ],
55 silly audit   'cacheable-request': [ '6.1.0' ],
55 silly audit   'get-stream': [ '5.2.0', '4.1.0' ],
55 silly audit   'lowercase-keys': [ '2.0.0', '1.0.1' ],
55 silly audit   camelcase: [ '6.3.0' ],
55 silly audit   chalk: [ '4.1.2' ],
55 silly audit   'has-flag': [ '4.0.0', '3.0.0' ],
55 silly audit   'supports-color': [ '7.2.0', '5.5.0' ],
55 silly audit   chokidar: [ '3.5.3' ],
55 silly audit   'ci-info': [ '2.0.0' ],
55 silly audit   'cli-boxes': [ '2.2.1' ],
55 silly audit   'color-convert': [ '2.0.1' ],
55 silly audit   'clone-response': [ '1.0.2' ],
55 silly audit   'concat-map': [ '0.0.1' ],
55 silly audit   'color-name': [ '1.1.4' ],
55 silly audit   configstore: [ '5.0.1' ],
55 silly audit   'content-disposition': [ '0.5.4' ],
55 silly audit   'content-type': [ '1.0.4' ],
55 silly audit   cookie: [ '0.4.2' ],
55 silly audit   'cookie-signature': [ '1.0.6' ],
55 silly audit   'crypto-random-string': [ '2.0.0' ],
55 silly audit   debug: [ '2.6.9', '3.2.7' ],
55 silly audit   'decompress-response': [ '3.3.0' ],
55 silly audit   'deep-extend': [ '0.6.0' ],
55 silly audit   'defer-to-connect': [ '1.1.3' ],
55 silly audit   depd: [ '1.1.2' ],
55 silly audit   destroy: [ '1.0.4' ],
55 silly audit   'dot-prop': [ '5.3.0' ],
55 silly audit   duplexer3: [ '0.1.4' ],
55 silly audit   'ee-first': [ '1.1.1' ],
55 silly audit   'emoji-regex': [ '8.0.0' ],
55 silly audit   encodeurl: [ '1.0.2' ],
55 silly audit   'escape-goat': [ '2.1.1' ],
55 silly audit   'end-of-stream': [ '1.4.4' ],
55 silly audit   'escape-html': [ '1.0.3' ],
55 silly audit   etag: [ '1.8.1' ],
55 silly audit   express: [ '4.17.3' ],
55 silly audit   'fill-range': [ '7.0.1' ],
55 silly audit   finalhandler: [ '1.1.2' ],
55 silly audit   fresh: [ '0.5.2' ],
55 silly audit   forwarded: [ '0.2.0' ],
55 silly audit   'glob-parent': [ '5.1.2' ],
55 silly audit   'global-dirs': [ '3.0.0' ],
55 silly audit   got: [ '9.6.0' ],
55 silly audit   'graceful-fs': [ '4.2.9' ],
55 silly audit   'has-yarn': [ '2.1.0' ],
55 silly audit   'http-cache-semantics': [ '4.1.0' ],
55 silly audit   'http-errors': [ '1.8.1' ],
55 silly audit   'iconv-lite': [ '0.4.24' ],
55 silly audit   'ignore-by-default': [ '1.0.1' ],
55 silly audit   imurmurhash: [ '0.1.4' ],
55 silly audit   inherits: [ '2.0.4' ],
55 silly audit   'ipaddr.js': [ '1.9.1' ],
55 silly audit   'import-lazy': [ '2.1.0' ],
55 silly audit   ini: [ '2.0.0', '1.3.8' ],
55 silly audit   'is-binary-path': [ '2.1.0' ],
55 silly audit   'is-ci': [ '2.0.0' ],
55 silly audit   'is-fullwidth-code-point': [ '3.0.0' ],
55 silly audit   'is-extglob': [ '2.1.1' ],
55 silly audit   'is-glob': [ '4.0.3' ],
55 silly audit   'is-installed-globally': [ '0.4.0' ],
55 silly audit   'is-npm': [ '5.0.0' ],
55 silly audit   'is-number': [ '7.0.0' ],
55 silly audit   'is-obj': [ '2.0.0' ],
55 silly audit   'is-path-inside': [ '3.0.3' ],
55 silly audit   'is-typedarray': [ '1.0.0' ],
55 silly audit   'is-yarn-global': [ '0.3.0' ],
55 silly audit   'json-buffer': [ '3.0.0' ],
55 silly audit   keyv: [ '3.1.0' ],
55 silly audit   'latest-version': [ '5.1.0' ],
55 silly audit   'lru-cache': [ '6.0.0' ],
55 silly audit   'make-dir': [ '3.1.0' ],
55 silly audit   semver: [ '6.3.0', '5.7.1', '7.3.5' ],
55 silly audit   'media-typer': [ '0.3.0' ],
55 silly audit   'merge-descriptors': [ '1.0.1' ],
55 silly audit   methods: [ '1.1.2' ],
55 silly audit   mime: [ '1.6.0' ],
55 silly audit   'mime-types': [ '2.1.34' ],
55 silly audit   'mime-db': [ '1.51.0' ],
55 silly audit   'mimic-response': [ '1.0.1' ],
55 silly audit   minimatch: [ '3.1.2' ],
55 silly audit   minimist: [ '1.2.5' ],
55 silly audit   ms: [ '2.0.0', '2.1.3' ],
55 silly audit   'safe-buffer': [ '5.2.1' ],
55 silly audit   negotiator: [ '0.6.3' ],
55 silly audit   nodemon: [ '2.0.15' ],
55 silly audit   nopt: [ '1.0.10' ],
55 silly audit   'normalize-path': [ '3.0.0' ],
55 silly audit   'normalize-url': [ '4.5.1' ],
55 silly audit   'on-finished': [ '2.3.0' ],
55 silly audit   once: [ '1.4.0' ],
55 silly audit   'p-cancelable': [ '1.1.0' ],
55 silly audit   'package-json': [ '6.5.0' ],
55 silly audit   parseurl: [ '1.3.3' ],
55 silly audit   'path-to-regexp': [ '0.1.7' ],
55 silly audit   picomatch: [ '2.3.1' ],
55 silly audit   'prepend-http': [ '2.0.0' ],
55 silly audit   'proxy-addr': [ '2.0.7' ],
55 silly audit   'pstree.remy': [ '1.1.8' ],
55 silly audit   pump: [ '3.0.0' ],
55 silly audit   pupa: [ '2.1.1' ],
55 silly audit   qs: [ '6.9.7' ],
55 silly audit   'range-parser': [ '1.2.1' ],
55 silly audit   'raw-body': [ '2.4.3' ],
55 silly audit   rc: [ '1.2.8' ],
55 silly audit   readdirp: [ '3.6.0' ],
55 silly audit   'registry-auth-token': [ '4.2.1' ],
55 silly audit   'registry-url': [ '5.1.0' ],
55 silly audit   responselike: [ '1.0.2' ],
55 silly audit   'safer-buffer': [ '2.1.2' ],
55 silly audit   'semver-diff': [ '3.1.1' ],
55 silly audit   send: [ '0.17.2' ],
55 silly audit   'serve-static': [ '1.14.2' ],
55 silly audit   setprototypeof: [ '1.2.0' ],
55 silly audit   'signal-exit': [ '3.0.7' ],
55 silly audit   'string-width': [ '4.2.3' ],
55 silly audit   statuses: [ '1.5.0' ],
55 silly audit   'strip-ansi': [ '6.0.1' ],
55 silly audit   'strip-json-comments': [ '2.0.1' ],
55 silly audit   'to-readable-stream': [ '1.0.0' ],
55 silly audit   'to-regex-range': [ '5.0.1' ],
55 silly audit   toidentifier: [ '1.0.1' ],
55 silly audit   touch: [ '3.1.0' ],
55 silly audit   'type-fest': [ '0.20.2' ],
55 silly audit   'type-is': [ '1.6.18' ],
55 silly audit   'typedarray-to-buffer': [ '3.1.5' ],
55 silly audit   undefsafe: [ '2.0.5' ],
55 silly audit   'unique-string': [ '2.0.0' ],
55 silly audit   unpipe: [ '1.0.0' ],
55 silly audit   'update-notifier': [ '5.1.0' ],
55 silly audit   'url-parse-lax': [ '3.0.0' ],
55 silly audit   'utils-merge': [ '1.0.1' ],
55 silly audit   vary: [ '1.1.2' ],
55 silly audit   'widest-line': [ '3.1.0' ],
55 silly audit   'wrap-ansi': [ '7.0.0' ],
55 silly audit   wrappy: [ '1.0.2' ],
55 silly audit   'write-file-atomic': [ '3.0.3' ],
55 silly audit   'xdg-basedir': [ '4.0.0' ],
55 silly audit   yallist: [ '4.0.0' ],
55 silly audit   '@szmarczak/http-timer': [ '1.1.2' ],
55 silly audit   '@sindresorhus/is': [ '0.14.0' ],
55 silly audit   uuid: [ '8.3.2' ]
55 silly audit }
56 silly tarball no local data for uuid@https://registry.npmjs.org/uuid/-/uuid-8.3.2.tgz. Extracting by manifest.
57 http fetch GET 200 https://registry.npmjs.org/uuid/-/uuid-8.3.2.tgz 183ms (cache miss)
58 timing reifyNode:node_modules/uuid Completed in 195ms
59 timing reify:unpack Completed in 195ms
60 timing reify:unretire Completed in 0ms
61 timing build:queue Completed in 1ms
62 timing build:link:node_modules/uuid Completed in 3ms
63 timing build:link Completed in 4ms
64 timing build:deps Completed in 5ms
65 timing build Completed in 5ms
66 timing reify:build Completed in 6ms
67 http fetch POST 200 https://registry.npmjs.org/-/npm/v1/security/advisories/bulk 317ms
68 timing auditReport:getReport Completed in 324ms
69 silly audit report {
69 silly audit report   minimist: [
69 silly audit report     {
69 silly audit report       id: 1067342,
69 silly audit report       url: 'https://github.com/advisories/GHSA-xvch-5gv4-984h',
69 silly audit report       title: 'Prototype Pollution in minimist',
69 silly audit report       severity: 'critical',
69 silly audit report       vulnerable_versions: '<1.2.6',
69 silly audit report       cwe: [Array],
69 silly audit report       cvss: [Object]
69 silly audit report     }
69 silly audit report   ]
69 silly audit report }
70 timing metavuln:cache:get:security-advisory:minimist:nZkhUdPEpKwzIx1nekYW4B7BHQyF2nm6J0JsgeP2HfA0DRMT5hhByRU71A4RPgtBbQPYEzVBozv8/mBZCafaGw== Completed in 21ms
71 timing reify:trash Completed in 252ms
72 timing reify:save Completed in 82ms
73 http fetch GET 200 https://registry.npmjs.org/minimist 244ms (cache miss)
74 timing metavuln:packument:minimist Completed in 246ms
75 timing metavuln:load:security-advisory:minimist:1067342 Completed in 4ms
76 timing metavuln:cache:put:security-advisory:minimist:nZkhUdPEpKwzIx1nekYW4B7BHQyF2nm6J0JsgeP2HfA0DRMT5hhByRU71A4RPgtBbQPYEzVBozv8/mBZCafaGw== Completed in 4ms
77 timing metavuln:calculate:security-advisory:minimist:1067342 Completed in 255ms
78 timing metavuln:cache:get:security-advisory:rc:X9hqvqcaTV2mjaYJ7NE0U+MyQuvKMs63I+NEKfZvIkiJ9XLe5gNrG1/85pKxkv/MSh0kVYUeTxYBH/JvGLaxqQ== Completed in 1ms
79 http fetch GET 200 https://registry.npmjs.org/rc 63ms (cache miss)
80 timing metavuln:packument:rc Completed in 64ms
81 timing metavuln:load:security-advisory:rc:nZkhUdPEpKwzIx1nekYW4B7BHQyF2nm6J0JsgeP2HfA0DRMT5hhByRU71A4RPgtBbQPYEzVBozv8/mBZCafaGw== Completed in 9ms
82 timing metavuln:cache:put:security-advisory:rc:X9hqvqcaTV2mjaYJ7NE0U+MyQuvKMs63I+NEKfZvIkiJ9XLe5gNrG1/85pKxkv/MSh0kVYUeTxYBH/JvGLaxqQ== Completed in 3ms
83 timing metavuln:calculate:security-advisory:rc:nZkhUdPEpKwzIx1nekYW4B7BHQyF2nm6J0JsgeP2HfA0DRMT5hhByRU71A4RPgtBbQPYEzVBozv8/mBZCafaGw== Completed in 76ms
84 timing auditReport:init Completed in 332ms
85 timing reify:audit Completed in 658ms
86 timing reify Completed in 2097ms
87 silly ADD node_modules/uuid
88 silly REMOVE node_modules/readable-stream
89 silly REMOVE node_modules/readable-stream/node_modules/safe-buffer
90 silly REMOVE node_modules/sqlstring
91 silly REMOVE node_modules/util-deprecate
92 silly REMOVE node_modules/string_decoder
93 silly REMOVE node_modules/string_decoder/node_modules/safe-buffer
94 silly REMOVE node_modules/process-nextick-args
95 silly REMOVE node_modules/isarray
96 silly REMOVE node_modules/mysql
97 silly REMOVE node_modules/mysql/node_modules/safe-buffer
98 silly REMOVE node_modules/core-util-is
99 silly REMOVE node_modules/bignumber.js
100 timing command:i Completed in 2109ms
101 notice
101 notice New [33mminor[39m version of npm available! [31m8.5.1[39m -> [32m8.10.0[39m
101 notice Changelog: [36mhttps://github.com/npm/cli/releases/tag/v8.10.0[39m
101 notice Run [32mnpm install -g npm@8.10.0[39m to update!
101 notice
102 verbose exit 0
103 timing npm Completed in 5043ms
104 info ok
